[1] "Testing rf_num"
Confusion Matrix and Statistics

              Reference
Prediction     Both_DC1_DC2 DC1_only DC2_only
  Both_DC1_DC2         1528      241      396
  DC1_only               34      134       77
  DC2_only              740      788     6127

Overall Statistics
                                         
               Accuracy : 0.7739         
                 95% CI : (0.7656, 0.782)
    No Information Rate : 0.6557         
    P-Value [Acc > NIR] : < 2.2e-16      
                                         
                  Kappa : 0.4967         
                                         
 Mcnemar's Test P-Value : < 2.2e-16      

Statistics by Class:

                     Class: Both_DC1_DC2 Class: DC1_only Class: DC2_only
Sensitivity                       0.6638         0.11522          0.9283
Specificity                       0.9179         0.98753          0.5590
Pos Pred Value                    0.7058         0.54694          0.8004
Neg Pred Value                    0.9020         0.89521          0.8037
Prevalence                        0.2287         0.11555          0.6557
Detection Rate                    0.1518         0.01331          0.6087
Detection Prevalence              0.2151         0.02434          0.7606
Balanced Accuracy                 0.7909         0.55138          0.7437

Call:
multiclass.roc.default(response = num_test$DC1_or_DC2, predictor = rf_test_num_prob)

Data: multivariate predictor rf_test_num_prob with 3 levels of num_test$DC1_or_DC2: Both_DC1_DC2, DC1_only, DC2_only.
Multi-class area under the curve: 0.8191
[1] "Testing rf_cat"
Confusion Matrix and Statistics

              Reference
Prediction     Both_DC1_DC2 DC1_only DC2_only
  Both_DC1_DC2         1523      239      373
  DC1_only               35      144       83
  DC2_only              744      780     6144

Overall Statistics
                                          
               Accuracy : 0.7761          
                 95% CI : (0.7678, 0.7842)
    No Information Rate : 0.6557          
    P-Value [Acc > NIR] : < 2.2e-16       
                                          
                  Kappa : 0.5011          
                                          
 Mcnemar's Test P-Value : < 2.2e-16       

Statistics by Class:

                     Class: Both_DC1_DC2 Class: DC1_only Class: DC2_only
Sensitivity                       0.6616         0.12382          0.9309
Specificity                       0.9212         0.98674          0.5602
Pos Pred Value                    0.7133         0.54962          0.8013
Neg Pred Value                    0.9018         0.89605          0.8098
Prevalence                        0.2287         0.11555          0.6557
Detection Rate                    0.1513         0.01431          0.6104
Detection Prevalence              0.2121         0.02603          0.7618
Balanced Accuracy                 0.7914         0.55528          0.7455

Call:
multiclass.roc.default(response = cat_test$DC1_or_DC2, predictor = rf_test_cat_prob)

Data: multivariate predictor rf_test_cat_prob with 3 levels of cat_test$DC1_or_DC2: Both_DC1_DC2, DC1_only, DC2_only.
Multi-class area under the curve: 0.8046
Iter   TrainDeviance   ValidDeviance   StepSize   Improve
     1        1.0986            -nan     0.1000    0.1365
     2        0.9980            -nan     0.1000    0.1037
     3        0.9235            -nan     0.1000    0.0775
     4        0.8682            -nan     0.1000    0.0595
     5        0.8268            -nan     0.1000    0.0472
     6        0.7943            -nan     0.1000    0.0369
     7        0.7689            -nan     0.1000    0.0295
     8        0.7486            -nan     0.1000    0.0251
     9        0.7317            -nan     0.1000    0.0200
    10        0.7184            -nan     0.1000    0.0164
    20        0.6562            -nan     0.1000    0.0042
    40        0.6205            -nan     0.1000    0.0013
    60        0.6063            -nan     0.1000    0.0004
    80        0.5986            -nan     0.1000    0.0001
   100        0.5940            -nan     0.1000    0.0001
   120        0.5911            -nan     0.1000    0.0000
   140        0.5884            -nan     0.1000   -0.0001
   150        0.5873            -nan     0.1000   -0.0000

Iter   TrainDeviance   ValidDeviance   StepSize   Improve
     1        1.0986            -nan     0.1000    0.1491
     2        0.9902            -nan     0.1000    0.1081
     3        0.9110            -nan     0.1000    0.0819
     4        0.8525            -nan     0.1000    0.0628
     5        0.8090            -nan     0.1000    0.0493
     6        0.7747            -nan     0.1000    0.0399
     7        0.7474            -nan     0.1000    0.0301
     8        0.7259            -nan     0.1000    0.0250
     9        0.7082            -nan     0.1000    0.0216
    10        0.6933            -nan     0.1000    0.0164
    20        0.6287            -nan     0.1000    0.0045
    40        0.5965            -nan     0.1000    0.0007
    60        0.5858            -nan     0.1000   -0.0001
    80        0.5801            -nan     0.1000   -0.0002
   100        0.5758            -nan     0.1000    0.0001
   120        0.5722            -nan     0.1000   -0.0001
   140        0.5691            -nan     0.1000   -0.0002
   150        0.5676            -nan     0.1000   -0.0001

Iter   TrainDeviance   ValidDeviance   StepSize   Improve
     1        1.0986            -nan     0.1000    0.1557
     2        0.9842            -nan     0.1000    0.1127
     3        0.9025            -nan     0.1000    0.0850
     4        0.8418            -nan     0.1000    0.0647
     5        0.7955            -nan     0.1000    0.0497
     6        0.7611            -nan     0.1000    0.0394
     7        0.7336            -nan     0.1000    0.0314
     8        0.7116            -nan     0.1000    0.0255
     9        0.6937            -nan     0.1000    0.0207
    10        0.6794            -nan     0.1000    0.0169
    20        0.6152            -nan     0.1000    0.0039
    40        0.5858            -nan     0.1000    0.0003
    60        0.5763            -nan     0.1000   -0.0001
    80        0.5698            -nan     0.1000   -0.0001
   100        0.5648            -nan     0.1000   -0.0003
   120        0.5606            -nan     0.1000   -0.0004
   140        0.5564            -nan     0.1000   -0.0001
   150        0.5545            -nan     0.1000   -0.0003

Iter   TrainDeviance   ValidDeviance   StepSize   Improve
     1        1.0986            -nan     0.1000    0.1399
     2        0.9965            -nan     0.1000    0.1021
     3        0.9234            -nan     0.1000    0.0784
     4        0.8684            -nan     0.1000    0.0602
     5        0.8262            -nan     0.1000    0.0471
     6        0.7930            -nan     0.1000    0.0368
     7        0.7675            -nan     0.1000    0.0294
     8        0.7471            -nan     0.1000    0.0252
     9        0.7303            -nan     0.1000    0.0202
    10        0.7166            -nan     0.1000    0.0163
    20        0.6540            -nan     0.1000    0.0038
    40        0.6180            -nan     0.1000    0.0015
    60        0.6038            -nan     0.1000    0.0002
    80        0.5966            -nan     0.1000    0.0001
   100        0.5921            -nan     0.1000    0.0000
   120        0.5891            -nan     0.1000    0.0000
   140        0.5865            -nan     0.1000   -0.0000
   150        0.5853            -nan     0.1000   -0.0001

Iter   TrainDeviance   ValidDeviance   StepSize   Improve
     1        1.0986            -nan     0.1000    0.1493
     2        0.9882            -nan     0.1000    0.1081
     3        0.9094            -nan     0.1000    0.0818
     4        0.8503            -nan     0.1000    0.0641
     5        0.8054            -nan     0.1000    0.0478
     6        0.7716            -nan     0.1000    0.0400
     7        0.7438            -nan     0.1000    0.0312
     8        0.7220            -nan     0.1000    0.0256
     9        0.7046            -nan     0.1000    0.0193
    10        0.6911            -nan     0.1000    0.0170
    20        0.6263            -nan     0.1000    0.0040
    40        0.5943            -nan     0.1000    0.0006
    60        0.5838            -nan     0.1000    0.0000
    80        0.5786            -nan     0.1000   -0.0001
   100        0.5747            -nan     0.1000   -0.0001
   120        0.5709            -nan     0.1000   -0.0000
   140        0.5675            -nan     0.1000   -0.0003
   150        0.5660            -nan     0.1000   -0.0003

Iter   TrainDeviance   ValidDeviance   StepSize   Improve
     1        1.0986            -nan     0.1000    0.1563
     2        0.9835            -nan     0.1000    0.1140
     3        0.9015            -nan     0.1000    0.0856
     4        0.8407            -nan     0.1000    0.0643
     5        0.7951            -nan     0.1000    0.0506
     6        0.7597            -nan     0.1000    0.0401
     7        0.7318            -nan     0.1000    0.0303
     8        0.7105            -nan     0.1000    0.0257
     9        0.6926            -nan     0.1000    0.0205
    10        0.6783            -nan     0.1000    0.0178
    20        0.6129            -nan     0.1000    0.0035
    40        0.5837            -nan     0.1000    0.0002
    60        0.5740            -nan     0.1000    0.0001
    80        0.5682            -nan     0.1000   -0.0000
   100        0.5634            -nan     0.1000   -0.0002
   120        0.5590            -nan     0.1000   -0.0002
   140        0.5548            -nan     0.1000   -0.0002
   150        0.5530            -nan     0.1000   -0.0002

Iter   TrainDeviance   ValidDeviance   StepSize   Improve
     1        1.0986            -nan     0.1000    0.1392
     2        0.9961            -nan     0.1000    0.1017
     3        0.9237            -nan     0.1000    0.0773
     4        0.8693            -nan     0.1000    0.0605
     5        0.8263            -nan     0.1000    0.0475
     6        0.7933            -nan     0.1000    0.0372
     7        0.7676            -nan     0.1000    0.0279
     8        0.7477            -nan     0.1000    0.0238
     9        0.7313            -nan     0.1000    0.0206
    10        0.7172            -nan     0.1000    0.0166
    20        0.6543            -nan     0.1000    0.0041
    40        0.6191            -nan     0.1000    0.0008
    60        0.6051            -nan     0.1000    0.0004
    80        0.5976            -nan     0.1000    0.0003
   100        0.5932            -nan     0.1000    0.0000
   120        0.5899            -nan     0.1000    0.0001
   140        0.5873            -nan     0.1000   -0.0001
   150        0.5862            -nan     0.1000   -0.0000

Iter   TrainDeviance   ValidDeviance   StepSize   Improve
     1        1.0986            -nan     0.1000    0.1500
     2        0.9895            -nan     0.1000    0.1091
     3        0.9110            -nan     0.1000    0.0821
     4        0.8522            -nan     0.1000    0.0649
     5        0.8068            -nan     0.1000    0.0484
     6        0.7730            -nan     0.1000    0.0385
     7        0.7458            -nan     0.1000    0.0317
     8        0.7241            -nan     0.1000    0.0238
     9        0.7072            -nan     0.1000    0.0198
    10        0.6932            -nan     0.1000    0.0178
    20        0.6267            -nan     0.1000    0.0042
    40        0.5950            -nan     0.1000    0.0008
    60        0.5849            -nan     0.1000    0.0002
    80        0.5781            -nan     0.1000   -0.0001
   100        0.5735            -nan     0.1000   -0.0001
   120        0.5698            -nan     0.1000   -0.0001
   140        0.5669            -nan     0.1000   -0.0001
   150        0.5655            -nan     0.1000   -0.0002

Iter   TrainDeviance   ValidDeviance   StepSize   Improve
     1        1.0986            -nan     0.1000    0.1572
     2        0.9838            -nan     0.1000    0.1139
     3        0.9020            -nan     0.1000    0.0861
     4        0.8402            -nan     0.1000    0.0651
     5        0.7946            -nan     0.1000    0.0504
     6        0.7593            -nan     0.1000    0.0392
     7        0.7319            -nan     0.1000    0.0325
     8        0.7096            -nan     0.1000    0.0251
     9        0.6921            -nan     0.1000    0.0202
    10        0.6776            -nan     0.1000    0.0171
    20        0.6132            -nan     0.1000    0.0039
    40        0.5847            -nan     0.1000    0.0006
    60        0.5746            -nan     0.1000    0.0001
    80        0.5680            -nan     0.1000   -0.0000
   100        0.5630            -nan     0.1000   -0.0001
   120        0.5591            -nan     0.1000   -0.0001
   140        0.5551            -nan     0.1000   -0.0001
   150        0.5533            -nan     0.1000   -0.0002

Iter   TrainDeviance   ValidDeviance   StepSize   Improve
     1        1.0986            -nan     0.1000    0.1393
     2        0.9964            -nan     0.1000    0.1016
     3        0.9233            -nan     0.1000    0.0775
     4        0.8678            -nan     0.1000    0.0600
     5        0.8258            -nan     0.1000    0.0472
     6        0.7927            -nan     0.1000    0.0365
     7        0.7676            -nan     0.1000    0.0295
     8        0.7471            -nan     0.1000    0.0250
     9        0.7304            -nan     0.1000    0.0193
    10        0.7171            -nan     0.1000    0.0159
    20        0.6551            -nan     0.1000    0.0041
    40        0.6197            -nan     0.1000    0.0013
    60        0.6056            -nan     0.1000    0.0005
    80        0.5983            -nan     0.1000    0.0002
   100        0.5939            -nan     0.1000    0.0001
   120        0.5905            -nan     0.1000   -0.0001
   140        0.5879            -nan     0.1000   -0.0001
   150        0.5868            -nan     0.1000   -0.0000

Iter   TrainDeviance   ValidDeviance   StepSize   Improve
     1        1.0986            -nan     0.1000    0.1490
     2        0.9882            -nan     0.1000    0.1085
     3        0.9099            -nan     0.1000    0.0813
     4        0.8516            -nan     0.1000    0.0637
     5        0.8071            -nan     0.1000    0.0482
     6        0.7731            -nan     0.1000    0.0389
     7        0.7457            -nan     0.1000    0.0318
     8        0.7238            -nan     0.1000    0.0243
     9        0.7064            -nan     0.1000    0.0195
    10        0.6925            -nan     0.1000    0.0180
    20        0.6282            -nan     0.1000    0.0040
    40        0.5962            -nan     0.1000    0.0006
    60        0.5857            -nan     0.1000    0.0002
    80        0.5799            -nan     0.1000   -0.0001
   100        0.5757            -nan     0.1000   -0.0002
   120        0.5724            -nan     0.1000    0.0000
   140        0.5692            -nan     0.1000   -0.0002
   150        0.5678            -nan     0.1000   -0.0001

Iter   TrainDeviance   ValidDeviance   StepSize   Improve
     1        1.0986            -nan     0.1000    0.1556
     2        0.9842            -nan     0.1000    0.1136
     3        0.9025            -nan     0.1000    0.0845
     4        0.8420            -nan     0.1000    0.0641
     5        0.7969            -nan     0.1000    0.0511
     6        0.7608            -nan     0.1000    0.0392
     7        0.7328            -nan     0.1000    0.0315
     8        0.7107            -nan     0.1000    0.0246
     9        0.6935            -nan     0.1000    0.0212
    10        0.6788            -nan     0.1000    0.0175
    20        0.6141            -nan     0.1000    0.0033
    40        0.5852            -nan     0.1000    0.0005
    60        0.5752            -nan     0.1000   -0.0001
    80        0.5684            -nan     0.1000   -0.0003
   100        0.5637            -nan     0.1000   -0.0002
   120        0.5592            -nan     0.1000   -0.0001
   140        0.5545            -nan     0.1000   -0.0002
   150        0.5527            -nan     0.1000   -0.0003

Iter   TrainDeviance   ValidDeviance   StepSize   Improve
     1        1.0986            -nan     0.1000    0.1397
     2        0.9961            -nan     0.1000    0.1014
     3        0.9239            -nan     0.1000    0.0792
     4        0.8683            -nan     0.1000    0.0600
     5        0.8260            -nan     0.1000    0.0456
     6        0.7935            -nan     0.1000    0.0364
     7        0.7681            -nan     0.1000    0.0308
     8        0.7471            -nan     0.1000    0.0231
     9        0.7308            -nan     0.1000    0.0207
    10        0.7168            -nan     0.1000    0.0168
    20        0.6553            -nan     0.1000    0.0043
    40        0.6194            -nan     0.1000    0.0010
    60        0.6057            -nan     0.1000    0.0004
    80        0.5984            -nan     0.1000    0.0002
   100        0.5936            -nan     0.1000   -0.0000
   120        0.5906            -nan     0.1000   -0.0001
   140        0.5880            -nan     0.1000    0.0001
   150        0.5869            -nan     0.1000   -0.0000

Iter   TrainDeviance   ValidDeviance   StepSize   Improve
     1        1.0986            -nan     0.1000    0.1497
     2        0.9895            -nan     0.1000    0.1090
     3        0.9113            -nan     0.1000    0.0818
     4        0.8532            -nan     0.1000    0.0633
     5        0.8080            -nan     0.1000    0.0501
     6        0.7729            -nan     0.1000    0.0383
     7        0.7463            -nan     0.1000    0.0318
     8        0.7249            -nan     0.1000    0.0244
     9        0.7077            -nan     0.1000    0.0202
    10        0.6937            -nan     0.1000    0.0169
    20        0.6275            -nan     0.1000    0.0041
    40        0.5952            -nan     0.1000    0.0011
    60        0.5849            -nan     0.1000    0.0003
    80        0.5792            -nan     0.1000   -0.0001
   100        0.5753            -nan     0.1000    0.0000
   120        0.5721            -nan     0.1000   -0.0000
   140        0.5691            -nan     0.1000   -0.0001
   150        0.5677            -nan     0.1000   -0.0001

Iter   TrainDeviance   ValidDeviance   StepSize   Improve
     1        1.0986            -nan     0.1000    0.1558
     2        0.9839            -nan     0.1000    0.1127
     3        0.9026            -nan     0.1000    0.0863
     4        0.8410            -nan     0.1000    0.0650
     5        0.7955            -nan     0.1000    0.0509
     6        0.7606            -nan     0.1000    0.0393
     7        0.7331            -nan     0.1000    0.0305
     8        0.7118            -nan     0.1000    0.0248
     9        0.6939            -nan     0.1000    0.0209
    10        0.6794            -nan     0.1000    0.0177
    20        0.6147            -nan     0.1000    0.0035
    40        0.5847            -nan     0.1000    0.0004
    60        0.5749            -nan     0.1000   -0.0002
    80        0.5688            -nan     0.1000   -0.0002
   100        0.5639            -nan     0.1000   -0.0002
   120        0.5593            -nan     0.1000   -0.0001
   140        0.5551            -nan     0.1000   -0.0002
   150        0.5533            -nan     0.1000   -0.0002

Iter   TrainDeviance   ValidDeviance   StepSize   Improve
     1        1.0986            -nan     0.1000    0.1395
     2        0.9974            -nan     0.1000    0.1013
     3        0.9237            -nan     0.1000    0.0762
     4        0.8683            -nan     0.1000    0.0605
     5        0.8256            -nan     0.1000    0.0470
     6        0.7931            -nan     0.1000    0.0359
     7        0.7682            -nan     0.1000    0.0289
     8        0.7477            -nan     0.1000    0.0243
     9        0.7309            -nan     0.1000    0.0209
    10        0.7171            -nan     0.1000    0.0165
    20        0.6557            -nan     0.1000    0.0046
    40        0.6195            -nan     0.1000    0.0014
    60        0.6053            -nan     0.1000    0.0003
    80        0.5979            -nan     0.1000    0.0003
   100        0.5933            -nan     0.1000    0.0000
   120        0.5901            -nan     0.1000    0.0001
   140        0.5876            -nan     0.1000    0.0000
   150        0.5865            -nan     0.1000   -0.0000

Iter   TrainDeviance   ValidDeviance   StepSize   Improve
     1        1.0986            -nan     0.1000    0.1498
     2        0.9891            -nan     0.1000    0.1084
     3        0.9109            -nan     0.1000    0.0821
     4        0.8526            -nan     0.1000    0.0644
     5        0.8076            -nan     0.1000    0.0493
     6        0.7732            -nan     0.1000    0.0386
     7        0.7462            -nan     0.1000    0.0301
     8        0.7256            -nan     0.1000    0.0254
     9        0.7077            -nan     0.1000    0.0203
    10        0.6935            -nan     0.1000    0.0166
    20        0.6278            -nan     0.1000    0.0045
    40        0.5955            -nan     0.1000    0.0003
    60        0.5852            -nan     0.1000    0.0002
    80        0.5795            -nan     0.1000    0.0001
   100        0.5748            -nan     0.1000   -0.0001
   120        0.5713            -nan     0.1000    0.0001
   140        0.5681            -nan     0.1000   -0.0002
   150        0.5666            -nan     0.1000   -0.0002

Iter   TrainDeviance   ValidDeviance   StepSize   Improve
     1        1.0986            -nan     0.1000    0.1559
     2        0.9838            -nan     0.1000    0.1137
     3        0.9018            -nan     0.1000    0.0847
     4        0.8414            -nan     0.1000    0.0655
     5        0.7951            -nan     0.1000    0.0504
     6        0.7597            -nan     0.1000    0.0391
     7        0.7322            -nan     0.1000    0.0314
     8        0.7106            -nan     0.1000    0.0244
     9        0.6934            -nan     0.1000    0.0217
    10        0.6781            -nan     0.1000    0.0169
    20        0.6144            -nan     0.1000    0.0041
    40        0.5842            -nan     0.1000    0.0005
    60        0.5740            -nan     0.1000   -0.0000
    80        0.5686            -nan     0.1000   -0.0002
   100        0.5634            -nan     0.1000   -0.0002
   120        0.5589            -nan     0.1000   -0.0003
   140        0.5549            -nan     0.1000   -0.0002
   150        0.5531            -nan     0.1000   -0.0001

Iter   TrainDeviance   ValidDeviance   StepSize   Improve
     1        1.0986            -nan     0.1000    0.1393
     2        0.9968            -nan     0.1000    0.1021
     3        0.9233            -nan     0.1000    0.0774
     4        0.8680            -nan     0.1000    0.0595
     5        0.8261            -nan     0.1000    0.0468
     6        0.7936            -nan     0.1000    0.0360
     7        0.7686            -nan     0.1000    0.0299
     8        0.7480            -nan     0.1000    0.0242
     9        0.7313            -nan     0.1000    0.0193
    10        0.7181            -nan     0.1000    0.0168
    20        0.6557            -nan     0.1000    0.0045
    40        0.6201            -nan     0.1000    0.0013
    60        0.6062            -nan     0.1000    0.0005
    80        0.5985            -nan     0.1000   -0.0001
   100        0.5939            -nan     0.1000    0.0001
   120        0.5907            -nan     0.1000   -0.0001
   140        0.5880            -nan     0.1000   -0.0000
   150        0.5869            -nan     0.1000   -0.0000

Iter   TrainDeviance   ValidDeviance   StepSize   Improve
     1        1.0986            -nan     0.1000    0.1494
     2        0.9902            -nan     0.1000    0.1079
     3        0.9118            -nan     0.1000    0.0818
     4        0.8528            -nan     0.1000    0.0637
     5        0.8083            -nan     0.1000    0.0484
     6        0.7739            -nan     0.1000    0.0390
     7        0.7466            -nan     0.1000    0.0307
     8        0.7250            -nan     0.1000    0.0245
     9        0.7080            -nan     0.1000    0.0211
    10        0.6932            -nan     0.1000    0.0168
    20        0.6276            -nan     0.1000    0.0043
    40        0.5955            -nan     0.1000    0.0011
    60        0.5854            -nan     0.1000    0.0003
    80        0.5795            -nan     0.1000   -0.0001
   100        0.5750            -nan     0.1000   -0.0001
   120        0.5716            -nan     0.1000    0.0000
   140        0.5685            -nan     0.1000   -0.0002
   150        0.5670            -nan     0.1000   -0.0000

Iter   TrainDeviance   ValidDeviance   StepSize   Improve
     1        1.0986            -nan     0.1000    0.1557
     2        0.9839            -nan     0.1000    0.1134
     3        0.9021            -nan     0.1000    0.0847
     4        0.8416            -nan     0.1000    0.0650
     5        0.7959            -nan     0.1000    0.0497
     6        0.7608            -nan     0.1000    0.0393
     7        0.7329            -nan     0.1000    0.0316
     8        0.7108            -nan     0.1000    0.0251
     9        0.6930            -nan     0.1000    0.0205
    10        0.6782            -nan     0.1000    0.0172
    20        0.6142            -nan     0.1000    0.0035
    40        0.5852            -nan     0.1000    0.0005
    60        0.5754            -nan     0.1000   -0.0001
    80        0.5693            -nan     0.1000   -0.0001
   100        0.5648            -nan     0.1000   -0.0002
   120        0.5603            -nan     0.1000   -0.0002
   140        0.5562            -nan     0.1000   -0.0002
   150        0.5544            -nan     0.1000   -0.0002

Iter   TrainDeviance   ValidDeviance   StepSize   Improve
     1        1.0986            -nan     0.1000    0.1397
     2        0.9964            -nan     0.1000    0.1024
     3        0.9227            -nan     0.1000    0.0775
     4        0.8679            -nan     0.1000    0.0585
     5        0.8267            -nan     0.1000    0.0468
     6        0.7938            -nan     0.1000    0.0368
     7        0.7683            -nan     0.1000    0.0291
     8        0.7481            -nan     0.1000    0.0237
     9        0.7313            -nan     0.1000    0.0205
    10        0.7176            -nan     0.1000    0.0165
    20        0.6559            -nan     0.1000    0.0048
    40        0.6196            -nan     0.1000    0.0008
    60        0.6056            -nan     0.1000    0.0003
    80        0.5981            -nan     0.1000    0.0002
   100        0.5936            -nan     0.1000    0.0001
   120        0.5901            -nan     0.1000   -0.0000
   140        0.5878            -nan     0.1000   -0.0000
   150        0.5866            -nan     0.1000   -0.0000

Iter   TrainDeviance   ValidDeviance   StepSize   Improve
     1        1.0986            -nan     0.1000    0.1496
     2        0.9887            -nan     0.1000    0.1084
     3        0.9111            -nan     0.1000    0.0826
     4        0.8527            -nan     0.1000    0.0638
     5        0.8076            -nan     0.1000    0.0486
     6        0.7735            -nan     0.1000    0.0387
     7        0.7468            -nan     0.1000    0.0315
     8        0.7251            -nan     0.1000    0.0252
     9        0.7073            -nan     0.1000    0.0196
    10        0.6936            -nan     0.1000    0.0162
    20        0.6282            -nan     0.1000    0.0044
    40        0.5964            -nan     0.1000    0.0006
    60        0.5859            -nan     0.1000    0.0001
    80        0.5799            -nan     0.1000   -0.0000
   100        0.5752            -nan     0.1000   -0.0001
   120        0.5715            -nan     0.1000   -0.0001
   140        0.5682            -nan     0.1000   -0.0001
   150        0.5666            -nan     0.1000   -0.0001

Iter   TrainDeviance   ValidDeviance   StepSize   Improve
     1        1.0986            -nan     0.1000    0.1569
     2        0.9835            -nan     0.1000    0.1148
     3        0.9014            -nan     0.1000    0.0855
     4        0.8405            -nan     0.1000    0.0657
     5        0.7939            -nan     0.1000    0.0509
     6        0.7587            -nan     0.1000    0.0394
     7        0.7311            -nan     0.1000    0.0311
     8        0.7096            -nan     0.1000    0.0251
     9        0.6920            -nan     0.1000    0.0213
    10        0.6772            -nan     0.1000    0.0176
    20        0.6141            -nan     0.1000    0.0035
    40        0.5840            -nan     0.1000    0.0004
    60        0.5745            -nan     0.1000    0.0001
    80        0.5684            -nan     0.1000   -0.0001
   100        0.5632            -nan     0.1000   -0.0001
   120        0.5590            -nan     0.1000   -0.0001
   140        0.5546            -nan     0.1000   -0.0001
   150        0.5526            -nan     0.1000   -0.0001

Iter   TrainDeviance   ValidDeviance   StepSize   Improve
     1        1.0986            -nan     0.1000    0.1384
     2        0.9967            -nan     0.1000    0.1009
     3        0.9223            -nan     0.1000    0.0766
     4        0.8680            -nan     0.1000    0.0583
     5        0.8261            -nan     0.1000    0.0463
     6        0.7939            -nan     0.1000    0.0367
     7        0.7686            -nan     0.1000    0.0284
     8        0.7488            -nan     0.1000    0.0229
     9        0.7330            -nan     0.1000    0.0205
    10        0.7189            -nan     0.1000    0.0162
    20        0.6577            -nan     0.1000    0.0040
    40        0.6228            -nan     0.1000    0.0011
    60        0.6091            -nan     0.1000    0.0004
    80        0.6017            -nan     0.1000    0.0001
   100        0.5973            -nan     0.1000   -0.0000
   120        0.5940            -nan     0.1000    0.0001
   140        0.5917            -nan     0.1000   -0.0000
   150        0.5906            -nan     0.1000   -0.0001

Iter   TrainDeviance   ValidDeviance   StepSize   Improve
     1        1.0986            -nan     0.1000    0.1481
     2        0.9897            -nan     0.1000    0.1083
     3        0.9117            -nan     0.1000    0.0808
     4        0.8537            -nan     0.1000    0.0645
     5        0.8087            -nan     0.1000    0.0487
     6        0.7742            -nan     0.1000    0.0373
     7        0.7476            -nan     0.1000    0.0309
     8        0.7260            -nan     0.1000    0.0240
     9        0.7094            -nan     0.1000    0.0203
    10        0.6956            -nan     0.1000    0.0169
    20        0.6312            -nan     0.1000    0.0040
    40        0.5998            -nan     0.1000    0.0006
    60        0.5899            -nan     0.1000    0.0001
    80        0.5840            -nan     0.1000   -0.0000
   100        0.5795            -nan     0.1000    0.0000
   120        0.5760            -nan     0.1000   -0.0001
   140        0.5729            -nan     0.1000   -0.0002
   150        0.5715            -nan     0.1000   -0.0001

Iter   TrainDeviance   ValidDeviance   StepSize   Improve
     1        1.0986            -nan     0.1000    0.1548
     2        0.9854            -nan     0.1000    0.1139
     3        0.9033            -nan     0.1000    0.0859
     4        0.8430            -nan     0.1000    0.0649
     5        0.7971            -nan     0.1000    0.0489
     6        0.7626            -nan     0.1000    0.0398
     7        0.7349            -nan     0.1000    0.0316
     8        0.7131            -nan     0.1000    0.0251
     9        0.6955            -nan     0.1000    0.0193
    10        0.6816            -nan     0.1000    0.0171
    20        0.6172            -nan     0.1000    0.0036
    40        0.5887            -nan     0.1000    0.0006
    60        0.5792            -nan     0.1000    0.0000
    80        0.5731            -nan     0.1000   -0.0002
   100        0.5681            -nan     0.1000   -0.0001
   120        0.5639            -nan     0.1000   -0.0003
   140        0.5603            -nan     0.1000   -0.0002
   150        0.5582            -nan     0.1000   -0.0001

Iter   TrainDeviance   ValidDeviance   StepSize   Improve
     1        1.0986            -nan     0.1000    0.1395
     2        0.9962            -nan     0.1000    0.1027
     3        0.9231            -nan     0.1000    0.0774
     4        0.8681            -nan     0.1000    0.0600
     5        0.8262            -nan     0.1000    0.0471
     6        0.7935            -nan     0.1000    0.0375
     7        0.7676            -nan     0.1000    0.0289
     8        0.7480            -nan     0.1000    0.0252
     9        0.7308            -nan     0.1000    0.0197
    10        0.7175            -nan     0.1000    0.0162
    20        0.6543            -nan     0.1000    0.0041
    40        0.6191            -nan     0.1000    0.0009
    60        0.6050            -nan     0.1000    0.0008
    80        0.5975            -nan     0.1000    0.0001
   100        0.5929            -nan     0.1000    0.0001
   120        0.5894            -nan     0.1000   -0.0000
   140        0.5867            -nan     0.1000   -0.0000
   150        0.5855            -nan     0.1000   -0.0001

Iter   TrainDeviance   ValidDeviance   StepSize   Improve
     1        1.0986            -nan     0.1000    0.1495
     2        0.9889            -nan     0.1000    0.1080
     3        0.9103            -nan     0.1000    0.0820
     4        0.8521            -nan     0.1000    0.0650
     5        0.8075            -nan     0.1000    0.0490
     6        0.7734            -nan     0.1000    0.0377
     7        0.7469            -nan     0.1000    0.0321
     8        0.7247            -nan     0.1000    0.0257
     9        0.7068            -nan     0.1000    0.0216
    10        0.6922            -nan     0.1000    0.0174
    20        0.6270            -nan     0.1000    0.0040
    40        0.5952            -nan     0.1000    0.0010
    60        0.5844            -nan     0.1000    0.0001
    80        0.5784            -nan     0.1000    0.0002
   100        0.5742            -nan     0.1000   -0.0002
   120        0.5710            -nan     0.1000   -0.0002
   140        0.5674            -nan     0.1000   -0.0001
   150        0.5659            -nan     0.1000   -0.0001

Iter   TrainDeviance   ValidDeviance   StepSize   Improve
     1        1.0986            -nan     0.1000    0.1569
     2        0.9849            -nan     0.1000    0.1155
     3        0.9025            -nan     0.1000    0.0864
     4        0.8414            -nan     0.1000    0.0652
     5        0.7960            -nan     0.1000    0.0516
     6        0.7604            -nan     0.1000    0.0391
     7        0.7328            -nan     0.1000    0.0314
     8        0.7107            -nan     0.1000    0.0254
     9        0.6928            -nan     0.1000    0.0216
    10        0.6778            -nan     0.1000    0.0154
    20        0.6141            -nan     0.1000    0.0037
    40        0.5844            -nan     0.1000    0.0004
    60        0.5745            -nan     0.1000   -0.0000
    80        0.5679            -nan     0.1000   -0.0000
   100        0.5631            -nan     0.1000   -0.0002
   120        0.5587            -nan     0.1000   -0.0001
   140        0.5546            -nan     0.1000   -0.0002
   150        0.5528            -nan     0.1000   -0.0002

Iter   TrainDeviance   ValidDeviance   StepSize   Improve
     1        1.0986            -nan     0.1000    0.1564
     2        0.9848            -nan     0.1000    0.1145
     3        0.9023            -nan     0.1000    0.0854
     4        0.8416            -nan     0.1000    0.0655
     5        0.7950            -nan     0.1000    0.0507
     6        0.7592            -nan     0.1000    0.0395
     7        0.7316            -nan     0.1000    0.0307
     8        0.7100            -nan     0.1000    0.0246
     9        0.6928            -nan     0.1000    0.0205
    10        0.6786            -nan     0.1000    0.0174
    20        0.6140            -nan     0.1000    0.0040
    40        0.5845            -nan     0.1000    0.0005
    60        0.5751            -nan     0.1000   -0.0001
    80        0.5692            -nan     0.1000   -0.0001
   100        0.5646            -nan     0.1000   -0.0001
   120        0.5603            -nan     0.1000   -0.0003
   140        0.5569            -nan     0.1000   -0.0003
   150        0.5550            -nan     0.1000   -0.0002

Iter   TrainDeviance   ValidDeviance   StepSize   Improve
     1        1.0986            -nan     0.1000    0.1400
     2        0.9952            -nan     0.1000    0.1012
     3        0.9216            -nan     0.1000    0.0774
     4        0.8668            -nan     0.1000    0.0588
     5        0.8253            -nan     0.1000    0.0468
     6        0.7930            -nan     0.1000    0.0369
     7        0.7675            -nan     0.1000    0.0297
     8        0.7473            -nan     0.1000    0.0234
     9        0.7315            -nan     0.1000    0.0201
    10        0.7171            -nan     0.1000    0.0168
    20        0.6554            -nan     0.1000    0.0042
    40        0.6202            -nan     0.1000    0.0015
    60        0.6062            -nan     0.1000    0.0004
    80        0.5987            -nan     0.1000    0.0002
   100        0.5943            -nan     0.1000    0.0001
   120        0.5914            -nan     0.1000    0.0001
   140        0.5892            -nan     0.1000   -0.0000
   150        0.5884            -nan     0.1000   -0.0000

Iter   TrainDeviance   ValidDeviance   StepSize   Improve
     1        1.0986            -nan     0.1000    0.1500
     2        0.9886            -nan     0.1000    0.1084
     3        0.9098            -nan     0.1000    0.0825
     4        0.8513            -nan     0.1000    0.0641
     5        0.8061            -nan     0.1000    0.0488
     6        0.7718            -nan     0.1000    0.0389
     7        0.7448            -nan     0.1000    0.0288
     8        0.7243            -nan     0.1000    0.0246
     9        0.7071            -nan     0.1000    0.0205
    10        0.6927            -nan     0.1000    0.0168
    20        0.6277            -nan     0.1000    0.0037
    40        0.5971            -nan     0.1000    0.0010
    60        0.5868            -nan     0.1000    0.0002
    80        0.5809            -nan     0.1000    0.0001
   100        0.5770            -nan     0.1000    0.0001
   120        0.5738            -nan     0.1000   -0.0002
   140        0.5710            -nan     0.1000   -0.0001
   150        0.5700            -nan     0.1000   -0.0001

Iter   TrainDeviance   ValidDeviance   StepSize   Improve
     1        1.0986            -nan     0.1000    0.1577
     2        0.9841            -nan     0.1000    0.1144
     3        0.9014            -nan     0.1000    0.0846
     4        0.8415            -nan     0.1000    0.0650
     5        0.7959            -nan     0.1000    0.0507
     6        0.7602            -nan     0.1000    0.0394
     7        0.7324            -nan     0.1000    0.0315
     8        0.7103            -nan     0.1000    0.0248
     9        0.6930            -nan     0.1000    0.0209
    10        0.6783            -nan     0.1000    0.0173
    20        0.6140            -nan     0.1000    0.0036
    40        0.5853            -nan     0.1000    0.0007
    60        0.5757            -nan     0.1000    0.0000
    80        0.5703            -nan     0.1000    0.0001
   100        0.5662            -nan     0.1000   -0.0001
   120        0.5627            -nan     0.1000    0.0000
   140        0.5594            -nan     0.1000   -0.0000
   150        0.5580            -nan     0.1000   -0.0001

Iter   TrainDeviance   ValidDeviance   StepSize   Improve
     1        1.0986            -nan     0.1000    0.1391
     2        0.9968            -nan     0.1000    0.1016
     3        0.9239            -nan     0.1000    0.0772
     4        0.8688            -nan     0.1000    0.0596
     5        0.8270            -nan     0.1000    0.0470
     6        0.7940            -nan     0.1000    0.0365
     7        0.7688            -nan     0.1000    0.0301
     8        0.7484            -nan     0.1000    0.0237
     9        0.7319            -nan     0.1000    0.0198
    10        0.7186            -nan     0.1000    0.0165
    20        0.6568            -nan     0.1000    0.0041
    40        0.6218            -nan     0.1000    0.0011
    60        0.6077            -nan     0.1000    0.0004
    80        0.6009            -nan     0.1000    0.0002
   100        0.5963            -nan     0.1000    0.0001
   120        0.5933            -nan     0.1000    0.0001
   140        0.5909            -nan     0.1000    0.0000
   150        0.5901            -nan     0.1000    0.0000

Iter   TrainDeviance   ValidDeviance   StepSize   Improve
     1        1.0986            -nan     0.1000    0.1486
     2        0.9899            -nan     0.1000    0.1072
     3        0.9124            -nan     0.1000    0.0825
     4        0.8544            -nan     0.1000    0.0631
     5        0.8102            -nan     0.1000    0.0485
     6        0.7756            -nan     0.1000    0.0398
     7        0.7485            -nan     0.1000    0.0319
     8        0.7264            -nan     0.1000    0.0247
     9        0.7090            -nan     0.1000    0.0217
    10        0.6942            -nan     0.1000    0.0160
    20        0.6297            -nan     0.1000    0.0045
    40        0.5983            -nan     0.1000    0.0008
    60        0.5879            -nan     0.1000    0.0000
    80        0.5824            -nan     0.1000    0.0001
   100        0.5783            -nan     0.1000   -0.0000
   120        0.5749            -nan     0.1000   -0.0000
   140        0.5727            -nan     0.1000   -0.0001
   150        0.5717            -nan     0.1000    0.0001

Iter   TrainDeviance   ValidDeviance   StepSize   Improve
     1        1.0986            -nan     0.1000    0.1548
     2        0.9847            -nan     0.1000    0.1139
     3        0.9021            -nan     0.1000    0.0857
     4        0.8417            -nan     0.1000    0.0643
     5        0.7961            -nan     0.1000    0.0511
     6        0.7604            -nan     0.1000    0.0389
     7        0.7336            -nan     0.1000    0.0310
     8        0.7113            -nan     0.1000    0.0253
     9        0.6937            -nan     0.1000    0.0205
    10        0.6795            -nan     0.1000    0.0162
    20        0.6159            -nan     0.1000    0.0039
    40        0.5870            -nan     0.1000    0.0009
    60        0.5775            -nan     0.1000    0.0001
    80        0.5719            -nan     0.1000   -0.0000
   100        0.5676            -nan     0.1000    0.0000
   120        0.5640            -nan     0.1000   -0.0001
   140        0.5611            -nan     0.1000   -0.0001
   150        0.5598            -nan     0.1000   -0.0001

Iter   TrainDeviance   ValidDeviance   StepSize   Improve
     1        1.0986            -nan     0.1000    0.1395
     2        0.9967            -nan     0.1000    0.1020
     3        0.9237            -nan     0.1000    0.0780
     4        0.8690            -nan     0.1000    0.0601
     5        0.8266            -nan     0.1000    0.0471
     6        0.7940            -nan     0.1000    0.0367
     7        0.7682            -nan     0.1000    0.0289
     8        0.7479            -nan     0.1000    0.0255
     9        0.7309            -nan     0.1000    0.0199
    10        0.7174            -nan     0.1000    0.0169
    20        0.6557            -nan     0.1000    0.0041
    40        0.6204            -nan     0.1000    0.0012
    60        0.6066            -nan     0.1000    0.0005
    80        0.5995            -nan     0.1000    0.0002
   100        0.5953            -nan     0.1000    0.0002
   120        0.5924            -nan     0.1000    0.0001
   140        0.5904            -nan     0.1000   -0.0000
   150        0.5894            -nan     0.1000   -0.0000

Iter   TrainDeviance   ValidDeviance   StepSize   Improve
     1        1.0986            -nan     0.1000    0.1493
     2        0.9900            -nan     0.1000    0.1085
     3        0.9119            -nan     0.1000    0.0813
     4        0.8535            -nan     0.1000    0.0632
     5        0.8089            -nan     0.1000    0.0499
     6        0.7742            -nan     0.1000    0.0403
     7        0.7464            -nan     0.1000    0.0306
     8        0.7250            -nan     0.1000    0.0238
     9        0.7083            -nan     0.1000    0.0193
    10        0.6950            -nan     0.1000    0.0169
    20        0.6283            -nan     0.1000    0.0041
    40        0.5971            -nan     0.1000    0.0009
    60        0.5874            -nan     0.1000    0.0002
    80        0.5816            -nan     0.1000    0.0000
   100        0.5777            -nan     0.1000   -0.0000
   120        0.5748            -nan     0.1000    0.0000
   140        0.5718            -nan     0.1000   -0.0001
   150        0.5707            -nan     0.1000   -0.0000

Iter   TrainDeviance   ValidDeviance   StepSize   Improve
     1        1.0986            -nan     0.1000    0.1560
     2        0.9853            -nan     0.1000    0.1133
     3        0.9032            -nan     0.1000    0.0847
     4        0.8429            -nan     0.1000    0.0666
     5        0.7964            -nan     0.1000    0.0517
     6        0.7609            -nan     0.1000    0.0408
     7        0.7328            -nan     0.1000    0.0313
     8        0.7110            -nan     0.1000    0.0257
     9        0.6931            -nan     0.1000    0.0199
    10        0.6791            -nan     0.1000    0.0168
    20        0.6146            -nan     0.1000    0.0037
    40        0.5858            -nan     0.1000    0.0005
    60        0.5765            -nan     0.1000    0.0002
    80        0.5708            -nan     0.1000   -0.0000
   100        0.5665            -nan     0.1000   -0.0001
   120        0.5631            -nan     0.1000   -0.0001
   140        0.5600            -nan     0.1000   -0.0000
   150        0.5585            -nan     0.1000   -0.0002

Iter   TrainDeviance   ValidDeviance   StepSize   Improve
     1        1.0986            -nan     0.1000    0.1389
     2        0.9966            -nan     0.1000    0.1021
     3        0.9231            -nan     0.1000    0.0765
     4        0.8691            -nan     0.1000    0.0604
     5        0.8264            -nan     0.1000    0.0475
     6        0.7937            -nan     0.1000    0.0376
     7        0.7678            -nan     0.1000    0.0297
     8        0.7474            -nan     0.1000    0.0240
     9        0.7312            -nan     0.1000    0.0194
    10        0.7176            -nan     0.1000    0.0169
    20        0.6550            -nan     0.1000    0.0039
    40        0.6201            -nan     0.1000    0.0011
    60        0.6070            -nan     0.1000    0.0005
    80        0.5999            -nan     0.1000    0.0002
   100        0.5957            -nan     0.1000    0.0000
   120        0.5927            -nan     0.1000    0.0000
   140        0.5904            -nan     0.1000    0.0000
   150        0.5895            -nan     0.1000   -0.0000

Iter   TrainDeviance   ValidDeviance   StepSize   Improve
     1        1.0986            -nan     0.1000    0.1497
     2        0.9887            -nan     0.1000    0.1084
     3        0.9106            -nan     0.1000    0.0827
     4        0.8524            -nan     0.1000    0.0628
     5        0.8080            -nan     0.1000    0.0469
     6        0.7748            -nan     0.1000    0.0402
     7        0.7466            -nan     0.1000    0.0307
     8        0.7253            -nan     0.1000    0.0239
     9        0.7082            -nan     0.1000    0.0213
    10        0.6932            -nan     0.1000    0.0176
    20        0.6276            -nan     0.1000    0.0041
    40        0.5963            -nan     0.1000    0.0007
    60        0.5859            -nan     0.1000    0.0003
    80        0.5808            -nan     0.1000    0.0000
   100        0.5769            -nan     0.1000    0.0000
   120        0.5740            -nan     0.1000   -0.0000
   140        0.5712            -nan     0.1000   -0.0001
   150        0.5703            -nan     0.1000   -0.0001

Iter   TrainDeviance   ValidDeviance   StepSize   Improve
     1        1.0986            -nan     0.1000    0.1555
     2        0.9836            -nan     0.1000    0.1130
     3        0.9013            -nan     0.1000    0.0854
     4        0.8403            -nan     0.1000    0.0656
     5        0.7944            -nan     0.1000    0.0499
     6        0.7596            -nan     0.1000    0.0384
     7        0.7325            -nan     0.1000    0.0311
     8        0.7110            -nan     0.1000    0.0252
     9        0.6935            -nan     0.1000    0.0207
    10        0.6789            -nan     0.1000    0.0174
    20        0.6141            -nan     0.1000    0.0034
    40        0.5861            -nan     0.1000    0.0008
    60        0.5765            -nan     0.1000    0.0002
    80        0.5710            -nan     0.1000   -0.0001
   100        0.5667            -nan     0.1000   -0.0002
   120        0.5633            -nan     0.1000   -0.0001
   140        0.5605            -nan     0.1000   -0.0002
   150        0.5591            -nan     0.1000   -0.0003

Iter   TrainDeviance   ValidDeviance   StepSize   Improve
     1        1.0986            -nan     0.1000    0.1391
     2        0.9970            -nan     0.1000    0.1019
     3        0.9241            -nan     0.1000    0.0768
     4        0.8692            -nan     0.1000    0.0602
     5        0.8268            -nan     0.1000    0.0476
     6        0.7934            -nan     0.1000    0.0368
     7        0.7676            -nan     0.1000    0.0294
     8        0.7473            -nan     0.1000    0.0247
     9        0.7307            -nan     0.1000    0.0190
    10        0.7175            -nan     0.1000    0.0153
    20        0.6560            -nan     0.1000    0.0044
    40        0.6208            -nan     0.1000    0.0012
    60        0.6070            -nan     0.1000    0.0006
    80        0.6001            -nan     0.1000    0.0002
   100        0.5958            -nan     0.1000    0.0002
   120        0.5926            -nan     0.1000    0.0001
   140        0.5904            -nan     0.1000    0.0000
   150        0.5893            -nan     0.1000    0.0000

Iter   TrainDeviance   ValidDeviance   StepSize   Improve
     1        1.0986            -nan     0.1000    0.1494
     2        0.9903            -nan     0.1000    0.1086
     3        0.9125            -nan     0.1000    0.0827
     4        0.8535            -nan     0.1000    0.0644
     5        0.8082            -nan     0.1000    0.0489
     6        0.7741            -nan     0.1000    0.0399
     7        0.7464            -nan     0.1000    0.0312
     8        0.7250            -nan     0.1000    0.0253
     9        0.7080            -nan     0.1000    0.0204
    10        0.6942            -nan     0.1000    0.0168
    20        0.6294            -nan     0.1000    0.0041
    40        0.5973            -nan     0.1000    0.0009
    60        0.5870            -nan     0.1000    0.0001
    80        0.5815            -nan     0.1000    0.0001
   100        0.5778            -nan     0.1000   -0.0000
   120        0.5746            -nan     0.1000    0.0001
   140        0.5718            -nan     0.1000   -0.0001
   150        0.5707            -nan     0.1000   -0.0001

Iter   TrainDeviance   ValidDeviance   StepSize   Improve
     1        1.0986            -nan     0.1000    0.1551
     2        0.9843            -nan     0.1000    0.1139
     3        0.9020            -nan     0.1000    0.0852
     4        0.8422            -nan     0.1000    0.0655
     5        0.7961            -nan     0.1000    0.0502
     6        0.7609            -nan     0.1000    0.0397
     7        0.7331            -nan     0.1000    0.0321
     8        0.7109            -nan     0.1000    0.0255
     9        0.6933            -nan     0.1000    0.0205
    10        0.6788            -nan     0.1000    0.0169
    20        0.6156            -nan     0.1000    0.0039
    40        0.5862            -nan     0.1000    0.0006
    60        0.5775            -nan     0.1000    0.0002
    80        0.5718            -nan     0.1000    0.0000
   100        0.5672            -nan     0.1000   -0.0000
   120        0.5641            -nan     0.1000   -0.0001
   140        0.5611            -nan     0.1000   -0.0000
   150        0.5597            -nan     0.1000   -0.0002

Iter   TrainDeviance   ValidDeviance   StepSize   Improve
     1        1.0986            -nan     0.1000    0.1387
     2        0.9965            -nan     0.1000    0.1025
     3        0.9233            -nan     0.1000    0.0772
     4        0.8687            -nan     0.1000    0.0582
     5        0.8274            -nan     0.1000    0.0469
     6        0.7951            -nan     0.1000    0.0366
     7        0.7700            -nan     0.1000    0.0307
     8        0.7488            -nan     0.1000    0.0234
     9        0.7323            -nan     0.1000    0.0184
    10        0.7198            -nan     0.1000    0.0167
    20        0.6572            -nan     0.1000    0.0042
    40        0.6224            -nan     0.1000    0.0014
    60        0.6085            -nan     0.1000    0.0005
    80        0.6015            -nan     0.1000    0.0003
   100        0.5973            -nan     0.1000    0.0001
   120        0.5943            -nan     0.1000   -0.0000
   140        0.5920            -nan     0.1000    0.0000
   150        0.5910            -nan     0.1000   -0.0001

Iter   TrainDeviance   ValidDeviance   StepSize   Improve
     1        1.0986            -nan     0.1000    0.1490
     2        0.9896            -nan     0.1000    0.1076
     3        0.9122            -nan     0.1000    0.0814
     4        0.8540            -nan     0.1000    0.0618
     5        0.8105            -nan     0.1000    0.0506
     6        0.7751            -nan     0.1000    0.0390
     7        0.7480            -nan     0.1000    0.0294
     8        0.7273            -nan     0.1000    0.0245
     9        0.7102            -nan     0.1000    0.0218
    10        0.6952            -nan     0.1000    0.0162
    20        0.6300            -nan     0.1000    0.0035
    40        0.5985            -nan     0.1000    0.0008
    60        0.5886            -nan     0.1000    0.0001
    80        0.5833            -nan     0.1000    0.0000
   100        0.5794            -nan     0.1000    0.0001
   120        0.5762            -nan     0.1000    0.0000
   140        0.5738            -nan     0.1000   -0.0000
   150        0.5728            -nan     0.1000   -0.0000

Iter   TrainDeviance   ValidDeviance   StepSize   Improve
     1        1.0986            -nan     0.1000    0.1548
     2        0.9843            -nan     0.1000    0.1131
     3        0.9024            -nan     0.1000    0.0844
     4        0.8424            -nan     0.1000    0.0649
     5        0.7972            -nan     0.1000    0.0503
     6        0.7615            -nan     0.1000    0.0397
     7        0.7341            -nan     0.1000    0.0320
     8        0.7123            -nan     0.1000    0.0254
     9        0.6946            -nan     0.1000    0.0205
    10        0.6801            -nan     0.1000    0.0165
    20        0.6169            -nan     0.1000    0.0036
    40        0.5881            -nan     0.1000    0.0006
    60        0.5788            -nan     0.1000    0.0001
    80        0.5733            -nan     0.1000    0.0001
   100        0.5691            -nan     0.1000   -0.0000
   120        0.5655            -nan     0.1000   -0.0000
   140        0.5627            -nan     0.1000   -0.0000
   150        0.5613            -nan     0.1000   -0.0002

Iter   TrainDeviance   ValidDeviance   StepSize   Improve
     1        1.0986            -nan     0.1000    0.1405
     2        0.9960            -nan     0.1000    0.1014
     3        0.9223            -nan     0.1000    0.0767
     4        0.8674            -nan     0.1000    0.0607
     5        0.8252            -nan     0.1000    0.0471
     6        0.7915            -nan     0.1000    0.0374
     7        0.7662            -nan     0.1000    0.0296
     8        0.7460            -nan     0.1000    0.0236
     9        0.7300            -nan     0.1000    0.0203
    10        0.7161            -nan     0.1000    0.0164
    20        0.6549            -nan     0.1000    0.0046
    40        0.6193            -nan     0.1000    0.0012
    60        0.6059            -nan     0.1000    0.0004
    80        0.5990            -nan     0.1000    0.0001
   100        0.5948            -nan     0.1000    0.0001
   120        0.5919            -nan     0.1000    0.0000
   140        0.5897            -nan     0.1000    0.0001
   150        0.5888            -nan     0.1000    0.0000

Iter   TrainDeviance   ValidDeviance   StepSize   Improve
     1        1.0986            -nan     0.1000    0.1500
     2        0.9884            -nan     0.1000    0.1097
     3        0.9094            -nan     0.1000    0.0822
     4        0.8523            -nan     0.1000    0.0636
     5        0.8078            -nan     0.1000    0.0502
     6        0.7726            -nan     0.1000    0.0396
     7        0.7445            -nan     0.1000    0.0301
     8        0.7236            -nan     0.1000    0.0256
     9        0.7061            -nan     0.1000    0.0210
    10        0.6915            -nan     0.1000    0.0170
    20        0.6273            -nan     0.1000    0.0039
    40        0.5966            -nan     0.1000    0.0006
    60        0.5870            -nan     0.1000    0.0003
    80        0.5811            -nan     0.1000    0.0000
   100        0.5773            -nan     0.1000   -0.0000
   120        0.5744            -nan     0.1000    0.0001
   140        0.5714            -nan     0.1000   -0.0000
   150        0.5703            -nan     0.1000   -0.0001

Iter   TrainDeviance   ValidDeviance   StepSize   Improve
     1        1.0986            -nan     0.1000    0.1572
     2        0.9837            -nan     0.1000    0.1125
     3        0.9026            -nan     0.1000    0.0864
     4        0.8419            -nan     0.1000    0.0667
     5        0.7951            -nan     0.1000    0.0504
     6        0.7598            -nan     0.1000    0.0397
     7        0.7321            -nan     0.1000    0.0310
     8        0.7104            -nan     0.1000    0.0250
     9        0.6929            -nan     0.1000    0.0203
    10        0.6790            -nan     0.1000    0.0172
    20        0.6151            -nan     0.1000    0.0039
    40        0.5864            -nan     0.1000    0.0006
    60        0.5773            -nan     0.1000    0.0003
    80        0.5719            -nan     0.1000   -0.0000
   100        0.5673            -nan     0.1000   -0.0000
   120        0.5639            -nan     0.1000   -0.0000
   140        0.5611            -nan     0.1000   -0.0000
   150        0.5599            -nan     0.1000   -0.0001

Iter   TrainDeviance   ValidDeviance   StepSize   Improve
     1        1.0986            -nan     0.1000    0.1394
     2        0.9966            -nan     0.1000    0.1012
     3        0.9230            -nan     0.1000    0.0773
     4        0.8681            -nan     0.1000    0.0591
     5        0.8266            -nan     0.1000    0.0465
     6        0.7942            -nan     0.1000    0.0368
     7        0.7686            -nan     0.1000    0.0292
     8        0.7484            -nan     0.1000    0.0248
     9        0.7315            -nan     0.1000    0.0191
    10        0.7181            -nan     0.1000    0.0164
    20        0.6566            -nan     0.1000    0.0041
    40        0.6215            -nan     0.1000    0.0014
    60        0.6077            -nan     0.1000    0.0006
    80        0.6007            -nan     0.1000    0.0002
   100        0.5964            -nan     0.1000    0.0001
   120        0.5934            -nan     0.1000    0.0000
   140        0.5913            -nan     0.1000   -0.0001
   150        0.5905            -nan     0.1000   -0.0000

Iter   TrainDeviance   ValidDeviance   StepSize   Improve
     1        1.0986            -nan     0.1000    0.1495
     2        0.9903            -nan     0.1000    0.1086
     3        0.9120            -nan     0.1000    0.0823
     4        0.8537            -nan     0.1000    0.0624
     5        0.8089            -nan     0.1000    0.0487
     6        0.7749            -nan     0.1000    0.0391
     7        0.7476            -nan     0.1000    0.0313
     8        0.7256            -nan     0.1000    0.0247
     9        0.7083            -nan     0.1000    0.0208
    10        0.6941            -nan     0.1000    0.0168
    20        0.6291            -nan     0.1000    0.0045
    40        0.5983            -nan     0.1000    0.0006
    60        0.5886            -nan     0.1000    0.0004
    80        0.5828            -nan     0.1000    0.0001
   100        0.5792            -nan     0.1000    0.0001
   120        0.5764            -nan     0.1000   -0.0001
   140        0.5739            -nan     0.1000   -0.0001
   150        0.5727            -nan     0.1000   -0.0000

Iter   TrainDeviance   ValidDeviance   StepSize   Improve
     1        1.0986            -nan     0.1000    0.1557
     2        0.9850            -nan     0.1000    0.1141
     3        0.9038            -nan     0.1000    0.0839
     4        0.8439            -nan     0.1000    0.0656
     5        0.7980            -nan     0.1000    0.0509
     6        0.7626            -nan     0.1000    0.0395
     7        0.7353            -nan     0.1000    0.0310
     8        0.7136            -nan     0.1000    0.0252
     9        0.6959            -nan     0.1000    0.0206
    10        0.6818            -nan     0.1000    0.0174
    20        0.6174            -nan     0.1000    0.0040
    40        0.5883            -nan     0.1000    0.0005
    60        0.5791            -nan     0.1000    0.0002
    80        0.5732            -nan     0.1000    0.0001
   100        0.5685            -nan     0.1000    0.0001
   120        0.5651            -nan     0.1000   -0.0002
   140        0.5625            -nan     0.1000   -0.0001
   150        0.5614            -nan     0.1000   -0.0001

Iter   TrainDeviance   ValidDeviance   StepSize   Improve
     1        1.0986            -nan     0.1000    0.1399
     2        0.9970            -nan     0.1000    0.1020
     3        0.9230            -nan     0.1000    0.0779
     4        0.8682            -nan     0.1000    0.0601
     5        0.8259            -nan     0.1000    0.0471
     6        0.7933            -nan     0.1000    0.0361
     7        0.7678            -nan     0.1000    0.0300
     8        0.7470            -nan     0.1000    0.0235
     9        0.7310            -nan     0.1000    0.0199
    10        0.7174            -nan     0.1000    0.0161
    20        0.6553            -nan     0.1000    0.0044
    40        0.6200            -nan     0.1000    0.0015
    60        0.6063            -nan     0.1000    0.0004
    80        0.5992            -nan     0.1000    0.0002
   100        0.5949            -nan     0.1000    0.0001
   120        0.5918            -nan     0.1000   -0.0000
   140        0.5896            -nan     0.1000   -0.0000
   150        0.5888            -nan     0.1000   -0.0001

Iter   TrainDeviance   ValidDeviance   StepSize   Improve
     1        1.0986            -nan     0.1000    0.1500
     2        0.9903            -nan     0.1000    0.1092
     3        0.9112            -nan     0.1000    0.0818
     4        0.8520            -nan     0.1000    0.0643
     5        0.8071            -nan     0.1000    0.0488
     6        0.7729            -nan     0.1000    0.0384
     7        0.7463            -nan     0.1000    0.0315
     8        0.7245            -nan     0.1000    0.0246
     9        0.7072            -nan     0.1000    0.0203
    10        0.6931            -nan     0.1000    0.0168
    20        0.6293            -nan     0.1000    0.0046
    40        0.5978            -nan     0.1000    0.0008
    60        0.5876            -nan     0.1000    0.0002
    80        0.5818            -nan     0.1000   -0.0000
   100        0.5778            -nan     0.1000   -0.0000
   120        0.5748            -nan     0.1000    0.0000
   140        0.5720            -nan     0.1000    0.0000
   150        0.5709            -nan     0.1000    0.0000

Iter   TrainDeviance   ValidDeviance   StepSize   Improve
     1        1.0986            -nan     0.1000    0.1568
     2        0.9842            -nan     0.1000    0.1140
     3        0.9017            -nan     0.1000    0.0854
     4        0.8408            -nan     0.1000    0.0655
     5        0.7943            -nan     0.1000    0.0498
     6        0.7597            -nan     0.1000    0.0391
     7        0.7327            -nan     0.1000    0.0312
     8        0.7107            -nan     0.1000    0.0252
     9        0.6930            -nan     0.1000    0.0193
    10        0.6792            -nan     0.1000    0.0180
    20        0.6156            -nan     0.1000    0.0041
    40        0.5873            -nan     0.1000    0.0007
    60        0.5777            -nan     0.1000    0.0002
    80        0.5721            -nan     0.1000    0.0001
   100        0.5678            -nan     0.1000    0.0002
   120        0.5642            -nan     0.1000    0.0000
   140        0.5611            -nan     0.1000   -0.0002
   150        0.5598            -nan     0.1000   -0.0001

Iter   TrainDeviance   ValidDeviance   StepSize   Improve
     1        1.0986            -nan     0.1000    0.1405
     2        0.9971            -nan     0.1000    0.1019
     3        0.9244            -nan     0.1000    0.0773
     4        0.8687            -nan     0.1000    0.0596
     5        0.8261            -nan     0.1000    0.0468
     6        0.7937            -nan     0.1000    0.0367
     7        0.7683            -nan     0.1000    0.0292
     8        0.7481            -nan     0.1000    0.0235
     9        0.7318            -nan     0.1000    0.0208
    10        0.7178            -nan     0.1000    0.0164
    20        0.6557            -nan     0.1000    0.0045
    40        0.6199            -nan     0.1000    0.0014
    60        0.6064            -nan     0.1000    0.0005
    80        0.5993            -nan     0.1000    0.0003
   100        0.5949            -nan     0.1000    0.0001
   120        0.5919            -nan     0.1000   -0.0000
   140        0.5898            -nan     0.1000    0.0000
   150        0.5889            -nan     0.1000    0.0000

Iter   TrainDeviance   ValidDeviance   StepSize   Improve
     1        1.0986            -nan     0.1000    0.1493
     2        0.9891            -nan     0.1000    0.1093
     3        0.9112            -nan     0.1000    0.0812
     4        0.8533            -nan     0.1000    0.0645
     5        0.8081            -nan     0.1000    0.0496
     6        0.7731            -nan     0.1000    0.0389
     7        0.7459            -nan     0.1000    0.0314
     8        0.7247            -nan     0.1000    0.0251
     9        0.7073            -nan     0.1000    0.0207
    10        0.6929            -nan     0.1000    0.0174
    20        0.6281            -nan     0.1000    0.0040
    40        0.5970            -nan     0.1000    0.0005
    60        0.5870            -nan     0.1000    0.0004
    80        0.5811            -nan     0.1000   -0.0000
   100        0.5775            -nan     0.1000    0.0001
   120        0.5745            -nan     0.1000    0.0000
   140        0.5721            -nan     0.1000    0.0000
   150        0.5710            -nan     0.1000   -0.0000

Iter   TrainDeviance   ValidDeviance   StepSize   Improve
     1        1.0986            -nan     0.1000    0.1563
     2        0.9844            -nan     0.1000    0.1133
     3        0.9029            -nan     0.1000    0.0846
     4        0.8429            -nan     0.1000    0.0640
     5        0.7976            -nan     0.1000    0.0507
     6        0.7626            -nan     0.1000    0.0399
     7        0.7345            -nan     0.1000    0.0316
     8        0.7127            -nan     0.1000    0.0261
     9        0.6945            -nan     0.1000    0.0206
    10        0.6804            -nan     0.1000    0.0178
    20        0.6164            -nan     0.1000    0.0044
    40        0.5865            -nan     0.1000    0.0006
    60        0.5774            -nan     0.1000    0.0002
    80        0.5717            -nan     0.1000   -0.0000
   100        0.5671            -nan     0.1000    0.0002
   120        0.5635            -nan     0.1000   -0.0001
   140        0.5606            -nan     0.1000   -0.0000
   150        0.5593            -nan     0.1000   -0.0002

Iter   TrainDeviance   ValidDeviance   StepSize   Improve
     1        1.0986            -nan     0.1000    0.1564
     2        0.9847            -nan     0.1000    0.1140
     3        0.9024            -nan     0.1000    0.0851
     4        0.8423            -nan     0.1000    0.0654
     5        0.7964            -nan     0.1000    0.0501
     6        0.7619            -nan     0.1000    0.0390
     7        0.7345            -nan     0.1000    0.0321
     8        0.7120            -nan     0.1000    0.0253
     9        0.6946            -nan     0.1000    0.0204
    10        0.6801            -nan     0.1000    0.0171
    20        0.6163            -nan     0.1000    0.0035
    40        0.5874            -nan     0.1000    0.0009
    60        0.5780            -nan     0.1000    0.0001
    80        0.5725            -nan     0.1000    0.0001
   100        0.5685            -nan     0.1000    0.0000
   120        0.5653            -nan     0.1000    0.0000
   140        0.5621            -nan     0.1000   -0.0000
   150        0.5606            -nan     0.1000   -0.0001

[1] "Testing gbm_num"
Confusion Matrix and Statistics

              Reference
Prediction     Both_DC1_DC2 DC1_only DC2_only
  Both_DC1_DC2         1512      223      395
  DC1_only               81      148       74
  DC2_only              709      792     6131

Overall Statistics
                                          
               Accuracy : 0.7741          
                 95% CI : (0.7658, 0.7822)
    No Information Rate : 0.6557          
    P-Value [Acc > NIR] : < 2.2e-16       
                                          
                  Kappa : 0.4989          
                                          
 Mcnemar's Test P-Value : < 2.2e-16       

Statistics by Class:

                     Class: Both_DC1_DC2 Class: DC1_only Class: DC2_only
Sensitivity                       0.6568          0.1273          0.9289
Specificity                       0.9204          0.9826          0.5668
Pos Pred Value                    0.7099          0.4884          0.8033
Neg Pred Value                    0.9004          0.8960          0.8072
Prevalence                        0.2287          0.1155          0.6557
Detection Rate                    0.1502          0.0147          0.6091
Detection Prevalence              0.2116          0.0301          0.7583
Balanced Accuracy                 0.7886          0.5549          0.7479

Call:
multiclass.roc.default(response = num_test$DC1_or_DC2, predictor = gbm_test_num_prob)

Data: multivariate predictor gbm_test_num_prob with 3 levels of num_test$DC1_or_DC2: Both_DC1_DC2, DC1_only, DC2_only.
Multi-class area under the curve: 0.8353
[1] "Testing gbm_cat"
Confusion Matrix and Statistics

              Reference
Prediction     Both_DC1_DC2 DC1_only DC2_only
  Both_DC1_DC2         1503      240      386
  DC1_only               72      143       80
  DC2_only              727      780     6134

Overall Statistics
                                          
               Accuracy : 0.773           
                 95% CI : (0.7647, 0.7811)
    No Information Rate : 0.6557          
    P-Value [Acc > NIR] : < 2.2e-16       
                                          
                  Kappa : 0.496           
                                          
 Mcnemar's Test P-Value : < 2.2e-16       

Statistics by Class:

                     Class: Both_DC1_DC2 Class: DC1_only Class: DC2_only
Sensitivity                       0.6529         0.12296          0.9294
Specificity                       0.9194         0.98293          0.5651
Pos Pred Value                    0.7060         0.48475          0.8028
Neg Pred Value                    0.8993         0.89560          0.8078
Prevalence                        0.2287         0.11555          0.6557
Detection Rate                    0.1493         0.01421          0.6094
Detection Prevalence              0.2115         0.02931          0.7592
Balanced Accuracy                 0.7861         0.55294          0.7472

Call:
multiclass.roc.default(response = cat_test$DC1_or_DC2, predictor = gbm_test_cat_prob)

Data: multivariate predictor gbm_test_cat_prob with 3 levels of cat_test$DC1_or_DC2: Both_DC1_DC2, DC1_only, DC2_only.
Multi-class area under the curve: 0.8376
